# JRE version: OpenJDK Runtime Environment (8.0_152-b02) (build 1.8.0_152-release-1024-b02)
# Java VM: OpenJDK 64-Bit Server VM (25.152-b02 mixed mode windows-amd64 compressed oops)
Heap:
 PSYoungGen      total 146944K, used 60205K [0x00000000e0000000, 0x00000000ecb80000, 0x0000000100000000)
  eden space 132096K, 45% used [0x00000000e0000000,0x00000000e3acb5c0,0x00000000e8100000)
  from space 14848K, 0% used [0x00000000e8100000,0x00000000e8100000,0x00000000e8f80000)
  to   space 19968K, 0% used [0x00000000eb800000,0x00000000eb800000,0x00000000ecb80000)
 ParOldGen       total 151552K, used 47554K [0x00000000a0000000, 0x00000000a9400000, 0x00000000e0000000)
  object space 151552K, 31% used [0x00000000a0000000,0x00000000a2e70830,0x00000000a9400000)
 Metaspace       used 59802K, capacity 61622K, committed 61952K, reserved 1101824K
  class space    used 8120K, capacity 8577K, committed 8704K, reserved 1048576K
GC Heap History (10 events):
Event: 10.860 GC heap before
{Heap before GC invocations=12 (full 2):
 PSYoungGen      total 88064K, used 76800K [0x00000000e0000000, 0x00000000e7e80000, 0x0000000100000000)
  eden space 76800K, 100% used [0x00000000e0000000,0x00000000e4b00000,0x00000000e4b00000)
  from space 11264K, 0% used [0x00000000e4b00000,0x00000000e4b00000,0x00000000e5600000)
  to   space 11264K, 0% used [0x00000000e7380000,0x00000000e7380000,0x00000000e7e80000)
 ParOldGen       total 87552K, used 15295K [0x00000000a0000000, 0x00000000a5580000, 0x00000000e0000000)
  object space 87552K, 17% used [0x00000000a0000000,0x00000000a0eefc18,0x00000000a5580000)
 Metaspace       used 38859K, capacity 39592K, committed 39936K, reserved 1083392K
  class space    used 5296K, capacity 5536K, committed 5632K, reserved 1048576K
Event: 10.873 GC heap after
Heap after GC invocations=12 (full 2):
 PSYoungGen      total 109056K, used 7489K [0x00000000e0000000, 0x00000000e7b00000, 0x0000000100000000)
  eden space 101376K, 0% used [0x00000000e0000000,0x00000000e0000000,0x00000000e6300000)
  from space 7680K, 97% used [0x00000000e7380000,0x00000000e7ad05d0,0x00000000e7b00000)
  to   space 11264K, 0% used [0x00000000e6500000,0x00000000e6500000,0x00000000e7000000)
 ParOldGen       total 87552K, used 15303K [0x00000000a0000000, 0x00000000a5580000, 0x00000000e0000000)
  object space 87552K, 17% used [0x00000000a0000000,0x00000000a0ef1c18,0x00000000a5580000)
 Metaspace       used 38859K, capacity 39592K, committed 39936K, reserved 1083392K
  class space    used 5296K, capacity 5536K, committed 5632K, reserved 1048576K
}
Event: 12.871 GC heap before
{Heap before GC invocations=13 (full 2):
 PSYoungGen      total 109056K, used 108865K [0x00000000e0000000, 0x00000000e7b00000, 0x0000000100000000)
  eden space 101376K, 100% used [0x00000000e0000000,0x00000000e6300000,0x00000000e6300000)
  from space 7680K, 97% used [0x00000000e7380000,0x00000000e7ad05d0,0x00000000e7b00000)
  to   space 11264K, 0% used [0x00000000e6500000,0x00000000e6500000,0x00000000e7000000)
 ParOldGen       total 87552K, used 15303K [0x00000000a0000000, 0x00000000a5580000, 0x00000000e0000000)
  object space 87552K, 17% used [0x00000000a0000000,0x00000000a0ef1c18,0x00000000a5580000)
 Metaspace       used 47008K, capacity 48082K, committed 48256K, reserved 1091584K
  class space    used 6401K, capacity 6729K, committed 6784K, reserved 1048576K
Event: 12.899 GC heap after
Heap after GC invocations=13 (full 2):
 PSYoungGen      total 114688K, used 11261K [0x00000000e0000000, 0x00000000e9d80000, 0x0000000100000000)
  eden space 103424K, 0% used [0x00000000e0000000,0x00000000e0000000,0x00000000e6500000)
  from space 11264K, 99% used [0x00000000e6500000,0x00000000e6fff608,0x00000000e7000000)
  to   space 14336K, 0% used [0x00000000e8f80000,0x00000000e8f80000,0x00000000e9d80000)
 ParOldGen       total 87552K, used 20149K [0x00000000a0000000, 0x00000000a5580000, 0x00000000e0000000)
  object space 87552K, 23% used [0x00000000a0000000,0x00000000a13ad7d8,0x00000000a5580000)
 Metaspace       used 47008K, capacity 48082K, committed 48256K, reserved 1091584K
  class space    used 6401K, capacity 6729K, committed 6784K, reserved 1048576K
}
Event: 15.461 GC heap before
{Heap before GC invocations=14 (full 2):
 PSYoungGen      total 114688K, used 114685K [0x00000000e0000000, 0x00000000e9d80000, 0x0000000100000000)
  eden space 103424K, 100% used [0x00000000e0000000,0x00000000e6500000,0x00000000e6500000)
  from space 11264K, 99% used [0x00000000e6500000,0x00000000e6fff608,0x00000000e7000000)
  to   space 14336K, 0% used [0x00000000e8f80000,0x00000000e8f80000,0x00000000e9d80000)
 ParOldGen       total 87552K, used 20149K [0x00000000a0000000, 0x00000000a5580000, 0x00000000e0000000)
  object space 87552K, 23% used [0x00000000a0000000,0x00000000a13ad7d8,0x00000000a5580000)
 Metaspace       used 53510K, capacity 55310K, committed 55552K, reserved 1097728K
  class space    used 7384K, capacity 7821K, committed 7936K, reserved 1048576K
Event: 15.499 GC heap after
Heap after GC invocations=14 (full 2):
 PSYoungGen      total 146432K, used 11625K [0x00000000e0000000, 0x00000000ea000000, 0x0000000100000000)
  eden space 132096K, 0% used [0x00000000e0000000,0x00000000e0000000,0x00000000e8100000)
  from space 14336K, 81% used [0x00000000e8f80000,0x00000000e9ada5e8,0x00000000e9d80000)
  to   space 14848K, 0% used [0x00000000e8100000,0x00000000e8100000,0x00000000e8f80000)
 ParOldGen       total 87552K, used 31116K [0x00000000a0000000, 0x00000000a5580000, 0x00000000e0000000)
  object space 87552K, 35% used [0x00000000a0000000,0x00000000a1e63140,0x00000000a5580000)
 Metaspace       used 53510K, capacity 55310K, committed 55552K, reserved 1097728K
  class space    used 7384K, capacity 7821K, committed 7936K, reserved 1048576K
}
Event: 20.226 GC heap before
{Heap before GC invocations=15 (full 2):
 PSYoungGen      total 146432K, used 143301K [0x00000000e0000000, 0x00000000ea000000, 0x0000000100000000)
  eden space 132096K, 99% used [0x00000000e0000000,0x00000000e8097168,0x00000000e8100000)
  from space 14336K, 81% used [0x00000000e8f80000,0x00000000e9ada5e8,0x00000000e9d80000)
  to   space 14848K, 0% used [0x00000000e8100000,0x00000000e8100000,0x00000000e8f80000)
 ParOldGen       total 87552K, used 31116K [0x00000000a0000000, 0x00000000a5580000, 0x00000000e0000000)
  object space 87552K, 35% used [0x00000000a0000000,0x00000000a1e63140,0x00000000a5580000)
 Metaspace       used 57053K, capacity 58902K, committed 59008K, reserved 1099776K
  class space    used 7839K, capacity 8289K, committed 8320K, reserved 1048576K
Event: 20.264 GC heap after
Heap after GC invocations=15 (full 2):
 PSYoungGen      total 146944K, used 14841K [0x00000000e0000000, 0x00000000ecb80000, 0x0000000100000000)
  eden space 132096K, 0% used [0x00000000e0000000,0x00000000e0000000,0x00000000e8100000)
  from space 14848K, 99% used [0x00000000e8100000,0x00000000e8f7e550,0x00000000e8f80000)
  to   space 19968K, 0% used [0x00000000eb800000,0x00000000eb800000,0x00000000ecb80000)
 ParOldGen       total 87552K, used 39532K [0x00000000a0000000, 0x00000000a5580000, 0x00000000e0000000)
  object space 87552K, 45% used [0x00000000a0000000,0x00000000a269b200,0x00000000a5580000)
 Metaspace       used 57053K, capacity 58902K, committed 59008K, reserved 1099776K
  class space    used 7839K, capacity 8289K, committed 8320K, reserved 1048576K
}
Event: 20.264 GC heap before
{Heap before GC invocations=16 (full 3):
 PSYoungGen      total 146944K, used 14841K [0x00000000e0000000, 0x00000000ecb80000, 0x0000000100000000)
  eden space 132096K, 0% used [0x00000000e0000000,0x00000000e0000000,0x00000000e8100000)
  from space 14848K, 99% used [0x00000000e8100000,0x00000000e8f7e550,0x00000000e8f80000)
  to   space 19968K, 0% used [0x00000000eb800000,0x00000000eb800000,0x00000000ecb80000)
 ParOldGen       total 87552K, used 39532K [0x00000000a0000000, 0x00000000a5580000, 0x00000000e0000000)
  object space 87552K, 45% used [0x00000000a0000000,0x00000000a269b200,0x00000000a5580000)
 Metaspace       used 57053K, capacity 58902K, committed 59008K, reserved 1099776K
  class space    used 7839K, capacity 8289K, committed 8320K, reserved 1048576K
Event: 20.692 GC heap after
Heap after GC invocations=16 (full 3):
 PSYoungGen      total 146944K, used 0K [0x00000000e0000000, 0x00000000ecb80000, 0x0000000100000000)
  eden space 132096K, 0% used [0x00000000e0000000,0x00000000e0000000,0x00000000e8100000)
  from space 14848K, 0% used [0x00000000e8100000,0x00000000e8100000,0x00000000e8f80000)
  to   space 19968K, 0% used [0x00000000eb800000,0x00000000eb800000,0x00000000ecb80000)
 ParOldGen       total 151552K, used 47554K [0x00000000a0000000, 0x00000000a9400000, 0x00000000e0000000)
  object space 151552K, 31% used [0x00000000a0000000,0x00000000a2e70830,0x00000000a9400000)
 Metaspace       used 57053K, capacity 58902K, committed 59008K, reserved 1099776K
  class space    used 7839K, capacity 8289K, committed 8320K, reserved 1048576K
}

