# JRE version: OpenJDK Runtime Environment (8.0_152-b02) (build 1.8.0_152-release-1024-b02)
# Java VM: OpenJDK 64-Bit Server VM (25.152-b02 mixed mode windows-amd64 compressed oops)
Heap:
 PSYoungGen      total 173056K, used 25271K [0x00000000e0000000, 0x00000000ebf80000, 0x0000000100000000)
  eden space 158208K, 8% used [0x00000000e0000000,0x00000000e0cbe320,0x00000000e9a80000)
  from space 14848K, 82% used [0x00000000eaa00000,0x00000000eb5efa68,0x00000000eb880000)
  to   space 15872K, 0% used [0x00000000e9a80000,0x00000000e9a80000,0x00000000eaa00000)
 ParOldGen       total 79872K, used 28113K [0x00000000a0000000, 0x00000000a4e00000, 0x00000000e0000000)
  object space 79872K, 35% used [0x00000000a0000000,0x00000000a1b74528,0x00000000a4e00000)
 Metaspace       used 54644K, capacity 56474K, committed 56576K, reserved 1097728K
  class space    used 7496K, capacity 7926K, committed 7936K, reserved 1048576K
GC Heap History (10 events):
Event: 9.052 GC heap before
{Heap before GC invocations=10 (full 1):
 PSYoungGen      total 94720K, used 18856K [0x00000000e0000000, 0x00000000e7100000, 0x0000000100000000)
  eden space 84992K, 10% used [0x00000000e0000000,0x00000000e08f18a8,0x00000000e5300000)
  from space 9728K, 99% used [0x00000000e5e00000,0x00000000e6778798,0x00000000e6780000)
  to   space 11264K, 0% used [0x00000000e5300000,0x00000000e5300000,0x00000000e5e00000)
 ParOldGen       total 58880K, used 9014K [0x00000000a0000000, 0x00000000a3980000, 0x00000000e0000000)
  object space 58880K, 15% used [0x00000000a0000000,0x00000000a08cd860,0x00000000a3980000)
 Metaspace       used 34553K, capacity 35222K, committed 35416K, reserved 1079296K
  class space    used 4769K, capacity 4999K, committed 5120K, reserved 1048576K
Event: 9.088 GC heap after
Heap after GC invocations=10 (full 1):
 PSYoungGen      total 96256K, used 6687K [0x00000000e0000000, 0x00000000e9080000, 0x0000000100000000)
  eden space 84992K, 0% used [0x00000000e0000000,0x00000000e0000000,0x00000000e5300000)
  from space 11264K, 59% used [0x00000000e5300000,0x00000000e5987ef8,0x00000000e5e00000)
  to   space 10752K, 0% used [0x00000000e8600000,0x00000000e8600000,0x00000000e9080000)
 ParOldGen       total 58880K, used 10646K [0x00000000a0000000, 0x00000000a3980000, 0x00000000e0000000)
  object space 58880K, 18% used [0x00000000a0000000,0x00000000a0a658f0,0x00000000a3980000)
 Metaspace       used 34553K, capacity 35222K, committed 35416K, reserved 1079296K
  class space    used 4769K, capacity 4999K, committed 5120K, reserved 1048576K
}
Event: 9.088 GC heap before
{Heap before GC invocations=11 (full 2):
 PSYoungGen      total 96256K, used 6687K [0x00000000e0000000, 0x00000000e9080000, 0x0000000100000000)
  eden space 84992K, 0% used [0x00000000e0000000,0x00000000e0000000,0x00000000e5300000)
  from space 11264K, 59% used [0x00000000e5300000,0x00000000e5987ef8,0x00000000e5e00000)
  to   space 10752K, 0% used [0x00000000e8600000,0x00000000e8600000,0x00000000e9080000)
 ParOldGen       total 58880K, used 10646K [0x00000000a0000000, 0x00000000a3980000, 0x00000000e0000000)
  object space 58880K, 18% used [0x00000000a0000000,0x00000000a0a658f0,0x00000000a3980000)
 Metaspace       used 34553K, capacity 35222K, committed 35416K, reserved 1079296K
  class space    used 4769K, capacity 4999K, committed 5120K, reserved 1048576K
Event: 9.280 GC heap after
Heap after GC invocations=11 (full 2):
 PSYoungGen      total 96256K, used 0K [0x00000000e0000000, 0x00000000e9080000, 0x0000000100000000)
  eden space 84992K, 0% used [0x00000000e0000000,0x00000000e0000000,0x00000000e5300000)
  from space 11264K, 0% used [0x00000000e5300000,0x00000000e5300000,0x00000000e5e00000)
  to   space 10752K, 0% used [0x00000000e8600000,0x00000000e8600000,0x00000000e9080000)
 ParOldGen       total 79872K, used 15061K [0x00000000a0000000, 0x00000000a4e00000, 0x00000000e0000000)
  object space 79872K, 18% used [0x00000000a0000000,0x00000000a0eb56d8,0x00000000a4e00000)
 Metaspace       used 34553K, capacity 35222K, committed 35416K, reserved 1079296K
  class space    used 4769K, capacity 4999K, committed 5120K, reserved 1048576K
}
Event: 10.776 GC heap before
{Heap before GC invocations=12 (full 2):
 PSYoungGen      total 96256K, used 84992K [0x00000000e0000000, 0x00000000e9080000, 0x0000000100000000)
  eden space 84992K, 100% used [0x00000000e0000000,0x00000000e5300000,0x00000000e5300000)
  from space 11264K, 0% used [0x00000000e5300000,0x00000000e5300000,0x00000000e5e00000)
  to   space 10752K, 0% used [0x00000000e8600000,0x00000000e8600000,0x00000000e9080000)
 ParOldGen       total 79872K, used 15061K [0x00000000a0000000, 0x00000000a4e00000, 0x00000000e0000000)
  object space 79872K, 18% used [0x00000000a0000000,0x00000000a0eb56d8,0x00000000a4e00000)
 Metaspace       used 39920K, capacity 40716K, committed 41088K, reserved 1085440K
  class space    used 5416K, capacity 5692K, committed 5760K, reserved 1048576K
Event: 10.789 GC heap after
Heap after GC invocations=12 (full 2):
 PSYoungGen      total 126976K, used 8997K [0x00000000e0000000, 0x00000000e8f00000, 0x0000000100000000)
  eden space 117760K, 0% used [0x00000000e0000000,0x00000000e0000000,0x00000000e7300000)
  from space 9216K, 97% used [0x00000000e8600000,0x00000000e8ec9568,0x00000000e8f00000)
  to   space 11264K, 0% used [0x00000000e7900000,0x00000000e7900000,0x00000000e8400000)
 ParOldGen       total 79872K, used 15069K [0x00000000a0000000, 0x00000000a4e00000, 0x00000000e0000000)
  object space 79872K, 18% used [0x00000000a0000000,0x00000000a0eb76d8,0x00000000a4e00000)
 Metaspace       used 39920K, capacity 40716K, committed 41088K, reserved 1085440K
  class space    used 5416K, capacity 5692K, committed 5760K, reserved 1048576K
}
Event: 13.333 GC heap before
{Heap before GC invocations=13 (full 2):
 PSYoungGen      total 126976K, used 126757K [0x00000000e0000000, 0x00000000e8f00000, 0x0000000100000000)
  eden space 117760K, 100% used [0x00000000e0000000,0x00000000e7300000,0x00000000e7300000)
  from space 9216K, 97% used [0x00000000e8600000,0x00000000e8ec9568,0x00000000e8f00000)
  to   space 11264K, 0% used [0x00000000e7900000,0x00000000e7900000,0x00000000e8400000)
 ParOldGen       total 79872K, used 15069K [0x00000000a0000000, 0x00000000a4e00000, 0x00000000e0000000)
  object space 79872K, 18% used [0x00000000a0000000,0x00000000a0eb76d8,0x00000000a4e00000)
 Metaspace       used 49417K, capacity 50846K, committed 50944K, reserved 1093632K
  class space    used 6713K, capacity 7096K, committed 7168K, reserved 1048576K
Event: 13.365 GC heap after
Heap after GC invocations=13 (full 2):
 PSYoungGen      total 135168K, used 11238K [0x00000000e0000000, 0x00000000eb880000, 0x0000000100000000)
  eden space 123904K, 0% used [0x00000000e0000000,0x00000000e0000000,0x00000000e7900000)
  from space 11264K, 99% used [0x00000000e7900000,0x00000000e83f9998,0x00000000e8400000)
  to   space 14848K, 0% used [0x00000000eaa00000,0x00000000eaa00000,0x00000000eb880000)
 ParOldGen       total 79872K, used 21584K [0x00000000a0000000, 0x00000000a4e00000, 0x00000000e0000000)
  object space 79872K, 27% used [0x00000000a0000000,0x00000000a1514028,0x00000000a4e00000)
 Metaspace       used 49417K, capacity 50846K, committed 50944K, reserved 1093632K
  class space    used 6713K, capacity 7096K, committed 7168K, reserved 1048576K
}
Event: 16.923 GC heap before
{Heap before GC invocations=14 (full 2):
 PSYoungGen      total 135168K, used 135142K [0x00000000e0000000, 0x00000000eb880000, 0x0000000100000000)
  eden space 123904K, 100% used [0x00000000e0000000,0x00000000e7900000,0x00000000e7900000)
  from space 11264K, 99% used [0x00000000e7900000,0x00000000e83f9998,0x00000000e8400000)
  to   space 14848K, 0% used [0x00000000eaa00000,0x00000000eaa00000,0x00000000eb880000)
 ParOldGen       total 79872K, used 21584K [0x00000000a0000000, 0x00000000a4e00000, 0x00000000e0000000)
  object space 79872K, 27% used [0x00000000a0000000,0x00000000a1514028,0x00000000a4e00000)
 Metaspace       used 54437K, capacity 56246K, committed 56320K, reserved 1097728K
  class space    used 7471K, capacity 7918K, committed 7936K, reserved 1048576K
Event: 16.978 GC heap after
Heap after GC invocations=14 (full 2):
 PSYoungGen      total 173056K, used 12222K [0x00000000e0000000, 0x00000000ebf80000, 0x0000000100000000)
  eden space 158208K, 0% used [0x00000000e0000000,0x00000000e0000000,0x00000000e9a80000)
  from space 14848K, 82% used [0x00000000eaa00000,0x00000000eb5efa68,0x00000000eb880000)
  to   space 15872K, 0% used [0x00000000e9a80000,0x00000000e9a80000,0x00000000eaa00000)
 ParOldGen       total 79872K, used 28113K [0x00000000a0000000, 0x00000000a4e00000, 0x00000000e0000000)
  object space 79872K, 35% used [0x00000000a0000000,0x00000000a1b74528,0x00000000a4e00000)
 Metaspace       used 54437K, capacity 56246K, committed 56320K, reserved 1097728K
  class space    used 7471K, capacity 7918K, committed 7936K, reserved 1048576K
}

