# JRE version: OpenJDK Runtime Environment (8.0_152-b02) (build 1.8.0_152-release-1024-b02)
# Java VM: OpenJDK 64-Bit Server VM (25.152-b02 mixed mode windows-amd64 compressed oops)
Heap:
 PSYoungGen      total 169984K, used 7849K [0x00000000e0000000, 0x00000000edd80000, 0x0000000100000000)
  eden space 153600K, 5% used [0x00000000e0000000,0x00000000e07aa5b0,0x00000000e9600000)
  from space 16384K, 0% used [0x00000000e9600000,0x00000000e9600000,0x00000000ea600000)
  to   space 17408K, 0% used [0x00000000ecc80000,0x00000000ecc80000,0x00000000edd80000)
 ParOldGen       total 139776K, used 38967K [0x00000000a0000000, 0x00000000a8880000, 0x00000000e0000000)
  object space 139776K, 27% used [0x00000000a0000000,0x00000000a260dfc8,0x00000000a8880000)
 Metaspace       used 58609K, capacity 60370K, committed 60544K, reserved 1101824K
  class space    used 8013K, capacity 8481K, committed 8576K, reserved 1048576K
GC Heap History (10 events):
Event: 11.428 GC heap before
{Heap before GC invocations=12 (full 2):
 PSYoungGen      total 101376K, used 90112K [0x00000000e0000000, 0x00000000e9380000, 0x0000000100000000)
  eden space 90112K, 100% used [0x00000000e0000000,0x00000000e5800000,0x00000000e5800000)
  from space 11264K, 0% used [0x00000000e5800000,0x00000000e5800000,0x00000000e6300000)
  to   space 10752K, 0% used [0x00000000e8900000,0x00000000e8900000,0x00000000e9380000)
 ParOldGen       total 87040K, used 15007K [0x00000000a0000000, 0x00000000a5500000, 0x00000000e0000000)
  object space 87040K, 17% used [0x00000000a0000000,0x00000000a0ea7e68,0x00000000a5500000)
 Metaspace       used 40238K, capacity 41118K, committed 41344K, reserved 1085440K
  class space    used 5483K, capacity 5737K, committed 5760K, reserved 1048576K
Event: 11.440 GC heap after
Heap after GC invocations=12 (full 2):
 PSYoungGen      total 129536K, used 9776K [0x00000000e0000000, 0x00000000e9300000, 0x0000000100000000)
  eden space 119296K, 0% used [0x00000000e0000000,0x00000000e0000000,0x00000000e7480000)
  from space 10240K, 95% used [0x00000000e8900000,0x00000000e928c3c8,0x00000000e9300000)
  to   space 11776K, 0% used [0x00000000e7c00000,0x00000000e7c00000,0x00000000e8780000)
 ParOldGen       total 87040K, used 15015K [0x00000000a0000000, 0x00000000a5500000, 0x00000000e0000000)
  object space 87040K, 17% used [0x00000000a0000000,0x00000000a0ea9e68,0x00000000a5500000)
 Metaspace       used 40238K, capacity 41118K, committed 41344K, reserved 1085440K
  class space    used 5483K, capacity 5737K, committed 5760K, reserved 1048576K
}
Event: 14.120 GC heap before
{Heap before GC invocations=13 (full 2):
 PSYoungGen      total 129536K, used 129072K [0x00000000e0000000, 0x00000000e9300000, 0x0000000100000000)
  eden space 119296K, 100% used [0x00000000e0000000,0x00000000e7480000,0x00000000e7480000)
  from space 10240K, 95% used [0x00000000e8900000,0x00000000e928c3c8,0x00000000e9300000)
  to   space 11776K, 0% used [0x00000000e7c00000,0x00000000e7c00000,0x00000000e8780000)
 ParOldGen       total 87040K, used 15015K [0x00000000a0000000, 0x00000000a5500000, 0x00000000e0000000)
  object space 87040K, 17% used [0x00000000a0000000,0x00000000a0ea9e68,0x00000000a5500000)
 Metaspace       used 49866K, capacity 51386K, committed 51584K, reserved 1093632K
  class space    used 6784K, capacity 7187K, committed 7296K, reserved 1048576K
Event: 14.142 GC heap after
Heap after GC invocations=13 (full 2):
 PSYoungGen      total 138752K, used 11757K [0x00000000e0000000, 0x00000000eb500000, 0x0000000100000000)
  eden space 126976K, 0% used [0x00000000e0000000,0x00000000e0000000,0x00000000e7c00000)
  from space 11776K, 99% used [0x00000000e7c00000,0x00000000e877b620,0x00000000e8780000)
  to   space 15360K, 0% used [0x00000000ea600000,0x00000000ea600000,0x00000000eb500000)
 ParOldGen       total 87040K, used 21623K [0x00000000a0000000, 0x00000000a5500000, 0x00000000e0000000)
  object space 87040K, 24% used [0x00000000a0000000,0x00000000a151dd40,0x00000000a5500000)
 Metaspace       used 49866K, capacity 51386K, committed 51584K, reserved 1093632K
  class space    used 6784K, capacity 7187K, committed 7296K, reserved 1048576K
}
Event: 17.686 GC heap before
{Heap before GC invocations=14 (full 2):
 PSYoungGen      total 138752K, used 138733K [0x00000000e0000000, 0x00000000eb500000, 0x0000000100000000)
  eden space 126976K, 100% used [0x00000000e0000000,0x00000000e7c00000,0x00000000e7c00000)
  from space 11776K, 99% used [0x00000000e7c00000,0x00000000e877b620,0x00000000e8780000)
  to   space 15360K, 0% used [0x00000000ea600000,0x00000000ea600000,0x00000000eb500000)
 ParOldGen       total 87040K, used 21623K [0x00000000a0000000, 0x00000000a5500000, 0x00000000e0000000)
  object space 87040K, 24% used [0x00000000a0000000,0x00000000a151dd40,0x00000000a5500000)
 Metaspace       used 54613K, capacity 56476K, committed 56576K, reserved 1097728K
  class space    used 7495K, capacity 7928K, committed 7936K, reserved 1048576K
Event: 17.725 GC heap after
Heap after GC invocations=14 (full 2):
 PSYoungGen      total 168960K, used 13154K [0x00000000e0000000, 0x00000000ebe80000, 0x0000000100000000)
  eden space 153600K, 0% used [0x00000000e0000000,0x00000000e0000000,0x00000000e9600000)
  from space 15360K, 85% used [0x00000000ea600000,0x00000000eb2d8818,0x00000000eb500000)
  to   space 16384K, 0% used [0x00000000e9600000,0x00000000e9600000,0x00000000ea600000)
 ParOldGen       total 87040K, used 27839K [0x00000000a0000000, 0x00000000a5500000, 0x00000000e0000000)
  object space 87040K, 31% used [0x00000000a0000000,0x00000000a1b2ff18,0x00000000a5500000)
 Metaspace       used 54613K, capacity 56476K, committed 56576K, reserved 1097728K
  class space    used 7495K, capacity 7928K, committed 7936K, reserved 1048576K
}
Event: 20.947 GC heap before
{Heap before GC invocations=15 (full 2):
 PSYoungGen      total 168960K, used 79901K [0x00000000e0000000, 0x00000000ebe80000, 0x0000000100000000)
  eden space 153600K, 43% used [0x00000000e0000000,0x00000000e412eec8,0x00000000e9600000)
  from space 15360K, 85% used [0x00000000ea600000,0x00000000eb2d8818,0x00000000eb500000)
  to   space 16384K, 0% used [0x00000000e9600000,0x00000000e9600000,0x00000000ea600000)
 ParOldGen       total 87040K, used 27839K [0x00000000a0000000, 0x00000000a5500000, 0x00000000e0000000)
  object space 87040K, 31% used [0x00000000a0000000,0x00000000a1b2ff18,0x00000000a5500000)
 Metaspace       used 56946K, capacity 58770K, committed 59008K, reserved 1099776K
  class space    used 7828K, capacity 8289K, committed 8320K, reserved 1048576K
Event: 20.966 GC heap after
Heap after GC invocations=15 (full 2):
 PSYoungGen      total 169984K, used 13264K [0x00000000e0000000, 0x00000000edd80000, 0x0000000100000000)
  eden space 153600K, 0% used [0x00000000e0000000,0x00000000e0000000,0x00000000e9600000)
  from space 16384K, 80% used [0x00000000e9600000,0x00000000ea2f41a8,0x00000000ea600000)
  to   space 17408K, 0% used [0x00000000ecc80000,0x00000000ecc80000,0x00000000edd80000)
 ParOldGen       total 87040K, used 27847K [0x00000000a0000000, 0x00000000a5500000, 0x00000000e0000000)
  object space 87040K, 31% used [0x00000000a0000000,0x00000000a1b31f18,0x00000000a5500000)
 Metaspace       used 56946K, capacity 58770K, committed 59008K, reserved 1099776K
  class space    used 7828K, capacity 8289K, committed 8320K, reserved 1048576K
}
Event: 20.966 GC heap before
{Heap before GC invocations=16 (full 3):
 PSYoungGen      total 169984K, used 13264K [0x00000000e0000000, 0x00000000edd80000, 0x0000000100000000)
  eden space 153600K, 0% used [0x00000000e0000000,0x00000000e0000000,0x00000000e9600000)
  from space 16384K, 80% used [0x00000000e9600000,0x00000000ea2f41a8,0x00000000ea600000)
  to   space 17408K, 0% used [0x00000000ecc80000,0x00000000ecc80000,0x00000000edd80000)
 ParOldGen       total 87040K, used 27847K [0x00000000a0000000, 0x00000000a5500000, 0x00000000e0000000)
  object space 87040K, 31% used [0x00000000a0000000,0x00000000a1b31f18,0x00000000a5500000)
 Metaspace       used 56946K, capacity 58770K, committed 59008K, reserved 1099776K
  class space    used 7828K, capacity 8289K, committed 8320K, reserved 1048576K
Event: 21.375 GC heap after
Heap after GC invocations=16 (full 3):
 PSYoungGen      total 169984K, used 0K [0x00000000e0000000, 0x00000000edd80000, 0x0000000100000000)
  eden space 153600K, 0% used [0x00000000e0000000,0x00000000e0000000,0x00000000e9600000)
  from space 16384K, 0% used [0x00000000e9600000,0x00000000e9600000,0x00000000ea600000)
  to   space 17408K, 0% used [0x00000000ecc80000,0x00000000ecc80000,0x00000000edd80000)
 ParOldGen       total 139776K, used 38967K [0x00000000a0000000, 0x00000000a8880000, 0x00000000e0000000)
  object space 139776K, 27% used [0x00000000a0000000,0x00000000a260dfc8,0x00000000a8880000)
 Metaspace       used 56946K, capacity 58770K, committed 59008K, reserved 1099776K
  class space    used 7828K, capacity 8289K, committed 8320K, reserved 1048576K
}

