# JRE version: OpenJDK Runtime Environment (8.0_152-b02) (build 1.8.0_152-release-1024-b02)
# Java VM: OpenJDK 64-Bit Server VM (25.152-b02 mixed mode windows-amd64 compressed oops)
Heap:
 PSYoungGen      total 137216K, used 59895K [0x00000000e0000000, 0x00000000eb100000, 0x0000000100000000)
  eden space 129536K, 40% used [0x00000000e0000000,0x00000000e32fecb0,0x00000000e7e80000)
  from space 7680K, 99% used [0x00000000e8c00000,0x00000000e937f2e0,0x00000000e9380000)
  to   space 13824K, 0% used [0x00000000e7e80000,0x00000000e7e80000,0x00000000e8c00000)
 ParOldGen       total 58368K, used 23674K [0x00000000a0000000, 0x00000000a3900000, 0x00000000e0000000)
  object space 58368K, 40% used [0x00000000a0000000,0x00000000a171e988,0x00000000a3900000)
 Metaspace       used 46070K, capacity 47148K, committed 47360K, reserved 1089536K
  class space    used 6302K, capacity 6619K, committed 6656K, reserved 1048576K
GC Heap History (10 events):
Event: 4.976 GC heap before
{Heap before GC invocations=6 (full 1):
 PSYoungGen      total 71680K, used 5113K [0x00000000e0000000, 0x00000000e9600000, 0x0000000100000000)
  eden space 66560K, 0% used [0x00000000e0000000,0x00000000e0000000,0x00000000e4100000)
  from space 5120K, 99% used [0x00000000e4100000,0x00000000e45fe650,0x00000000e4600000)
  to   space 10240K, 0% used [0x00000000e8c00000,0x00000000e8c00000,0x00000000e9600000)
 ParOldGen       total 87552K, used 8798K [0x00000000a0000000, 0x00000000a5580000, 0x00000000e0000000)
  object space 87552K, 10% used [0x00000000a0000000,0x00000000a0897860,0x00000000a5580000)
 Metaspace       used 20791K, capacity 21212K, committed 21248K, reserved 1067008K
  class space    used 2897K, capacity 3042K, committed 3072K, reserved 1048576K
Event: 5.034 GC heap after
Heap after GC invocations=6 (full 1):
 PSYoungGen      total 71680K, used 0K [0x00000000e0000000, 0x00000000e9600000, 0x0000000100000000)
  eden space 66560K, 0% used [0x00000000e0000000,0x00000000e0000000,0x00000000e4100000)
  from space 5120K, 0% used [0x00000000e4100000,0x00000000e4100000,0x00000000e4600000)
  to   space 10240K, 0% used [0x00000000e8c00000,0x00000000e8c00000,0x00000000e9600000)
 ParOldGen       total 58368K, used 8129K [0x00000000a0000000, 0x00000000a3900000, 0x00000000e0000000)
  object space 58368K, 13% used [0x00000000a0000000,0x00000000a07f0698,0x00000000a3900000)
 Metaspace       used 20791K, capacity 21212K, committed 21248K, reserved 1067008K
  class space    used 2897K, capacity 3042K, committed 3072K, reserved 1048576K
}
Event: 6.961 GC heap before
{Heap before GC invocations=7 (full 1):
 PSYoungGen      total 71680K, used 66560K [0x00000000e0000000, 0x00000000e9600000, 0x0000000100000000)
  eden space 66560K, 100% used [0x00000000e0000000,0x00000000e4100000,0x00000000e4100000)
  from space 5120K, 0% used [0x00000000e4100000,0x00000000e4100000,0x00000000e4600000)
  to   space 10240K, 0% used [0x00000000e8c00000,0x00000000e8c00000,0x00000000e9600000)
 ParOldGen       total 58368K, used 8129K [0x00000000a0000000, 0x00000000a3900000, 0x00000000e0000000)
  object space 58368K, 13% used [0x00000000a0000000,0x00000000a07f0698,0x00000000a3900000)
 Metaspace       used 26687K, capacity 27196K, committed 27392K, reserved 1073152K
  class space    used 3680K, capacity 3833K, committed 3840K, reserved 1048576K
Event: 6.977 GC heap after
Heap after GC invocations=7 (full 1):
 PSYoungGen      total 114688K, used 7434K [0x00000000e0000000, 0x00000000e9380000, 0x0000000100000000)
  eden space 107008K, 0% used [0x00000000e0000000,0x00000000e0000000,0x00000000e6880000)
  from space 7680K, 96% used [0x00000000e8c00000,0x00000000e93428f8,0x00000000e9380000)
  to   space 9728K, 0% used [0x00000000e8080000,0x00000000e8080000,0x00000000e8a00000)
 ParOldGen       total 58368K, used 8137K [0x00000000a0000000, 0x00000000a3900000, 0x00000000e0000000)
  object space 58368K, 13% used [0x00000000a0000000,0x00000000a07f2698,0x00000000a3900000)
 Metaspace       used 26687K, capacity 27196K, committed 27392K, reserved 1073152K
  class space    used 3680K, capacity 3833K, committed 3840K, reserved 1048576K
}
Event: 8.941 GC heap before
{Heap before GC invocations=8 (full 1):
 PSYoungGen      total 114688K, used 98445K [0x00000000e0000000, 0x00000000e9380000, 0x0000000100000000)
  eden space 107008K, 85% used [0x00000000e0000000,0x00000000e58e0c90,0x00000000e6880000)
  from space 7680K, 96% used [0x00000000e8c00000,0x00000000e93428f8,0x00000000e9380000)
  to   space 9728K, 0% used [0x00000000e8080000,0x00000000e8080000,0x00000000e8a00000)
 ParOldGen       total 58368K, used 8137K [0x00000000a0000000, 0x00000000a3900000, 0x00000000e0000000)
  object space 58368K, 13% used [0x00000000a0000000,0x00000000a07f2698,0x00000000a3900000)
 Metaspace       used 34560K, capacity 35222K, committed 35416K, reserved 1079296K
  class space    used 4771K, capacity 4999K, committed 5120K, reserved 1048576K
Event: 8.956 GC heap after
Heap after GC invocations=8 (full 1):
 PSYoungGen      total 116736K, used 9703K [0x00000000e0000000, 0x00000000e9380000, 0x0000000100000000)
  eden space 107008K, 0% used [0x00000000e0000000,0x00000000e0000000,0x00000000e6880000)
  from space 9728K, 99% used [0x00000000e8080000,0x00000000e89f9f58,0x00000000e8a00000)
  to   space 7680K, 0% used [0x00000000e8c00000,0x00000000e8c00000,0x00000000e9380000)
 ParOldGen       total 58368K, used 11412K [0x00000000a0000000, 0x00000000a3900000, 0x00000000e0000000)
  object space 58368K, 19% used [0x00000000a0000000,0x00000000a0b253d8,0x00000000a3900000)
 Metaspace       used 34560K, capacity 35222K, committed 35416K, reserved 1079296K
  class space    used 4771K, capacity 4999K, committed 5120K, reserved 1048576K
}
Event: 8.956 GC heap before
{Heap before GC invocations=9 (full 2):
 PSYoungGen      total 116736K, used 9703K [0x00000000e0000000, 0x00000000e9380000, 0x0000000100000000)
  eden space 107008K, 0% used [0x00000000e0000000,0x00000000e0000000,0x00000000e6880000)
  from space 9728K, 99% used [0x00000000e8080000,0x00000000e89f9f58,0x00000000e8a00000)
  to   space 7680K, 0% used [0x00000000e8c00000,0x00000000e8c00000,0x00000000e9380000)
 ParOldGen       total 58368K, used 11412K [0x00000000a0000000, 0x00000000a3900000, 0x00000000e0000000)
  object space 58368K, 19% used [0x00000000a0000000,0x00000000a0b253d8,0x00000000a3900000)
 Metaspace       used 34560K, capacity 35222K, committed 35416K, reserved 1079296K
  class space    used 4771K, capacity 4999K, committed 5120K, reserved 1048576K
Event: 9.066 GC heap after
Heap after GC invocations=9 (full 2):
 PSYoungGen      total 116736K, used 0K [0x00000000e0000000, 0x00000000e9380000, 0x0000000100000000)
  eden space 107008K, 0% used [0x00000000e0000000,0x00000000e0000000,0x00000000e6880000)
  from space 9728K, 0% used [0x00000000e8080000,0x00000000e8080000,0x00000000e8a00000)
  to   space 7680K, 0% used [0x00000000e8c00000,0x00000000e8c00000,0x00000000e9380000)
 ParOldGen       total 58368K, used 19507K [0x00000000a0000000, 0x00000000a3900000, 0x00000000e0000000)
  object space 58368K, 33% used [0x00000000a0000000,0x00000000a130ce70,0x00000000a3900000)
 Metaspace       used 34560K, capacity 35222K, committed 35416K, reserved 1079296K
  class space    used 4771K, capacity 4999K, committed 5120K, reserved 1048576K
}
Event: 10.708 GC heap before
{Heap before GC invocations=10 (full 2):
 PSYoungGen      total 116736K, used 107008K [0x00000000e0000000, 0x00000000e9380000, 0x0000000100000000)
  eden space 107008K, 100% used [0x00000000e0000000,0x00000000e6880000,0x00000000e6880000)
  from space 9728K, 0% used [0x00000000e8080000,0x00000000e8080000,0x00000000e8a00000)
  to   space 7680K, 0% used [0x00000000e8c00000,0x00000000e8c00000,0x00000000e9380000)
 ParOldGen       total 58368K, used 19507K [0x00000000a0000000, 0x00000000a3900000, 0x00000000e0000000)
  object space 58368K, 33% used [0x00000000a0000000,0x00000000a130ce70,0x00000000a3900000)
 Metaspace       used 40724K, capacity 41720K, committed 41984K, reserved 1085440K
  class space    used 5557K, capacity 5874K, committed 5888K, reserved 1048576K
Event: 10.735 GC heap after
Heap after GC invocations=10 (full 2):
 PSYoungGen      total 137216K, used 7676K [0x00000000e0000000, 0x00000000eb100000, 0x0000000100000000)
  eden space 129536K, 0% used [0x00000000e0000000,0x00000000e0000000,0x00000000e7e80000)
  from space 7680K, 99% used [0x00000000e8c00000,0x00000000e937f2e0,0x00000000e9380000)
  to   space 13824K, 0% used [0x00000000e7e80000,0x00000000e7e80000,0x00000000e8c00000)
 ParOldGen       total 58368K, used 23674K [0x00000000a0000000, 0x00000000a3900000, 0x00000000e0000000)
  object space 58368K, 40% used [0x00000000a0000000,0x00000000a171e988,0x00000000a3900000)
 Metaspace       used 40724K, capacity 41720K, committed 41984K, reserved 1085440K
  class space    used 5557K, capacity 5874K, committed 5888K, reserved 1048576K
}

